# JRE version: OpenJDK Runtime Environment (21.0.8) (build 21.0.8+-14196175-b1038.72)
# Java VM: OpenJDK 64-Bit Server VM (21.0.8+-14196175-b1038.72, mixed mode, tiered, compressed oops, compressed class ptrs, g1 gc, windows-amd64)
GC Precious Log:
 CardTable entry size: 512
 Card Set container configuration: InlinePtr #cards 5 size 8 Array Of Cards #cards 12 size 40 Howl #buckets 4 coarsen threshold 1843 Howl Bitmap #cards 512 size 80 coarsen threshold 460 Card regions per heap region 1 cards per card region 2048
 CPUs: 8 total, 8 available
 Memory: 16167M
 Large Page Support: Disabled
 NUMA Support: Disabled
 Compressed Oops: Enabled (32-bit)
 Heap Region Size: 1M
 Heap Min Capacity: 8M
 Heap Initial Capacity: 254M
 Heap Max Capacity: 2G
 Pre-touch: Disabled
 Parallel Workers: 8
 Concurrent Workers: 2
 Concurrent Refinement Workers: 8
 Periodic GC: Disabled
Heap:
 garbage-first heap   total 328704K, used 244191K [0x0000000080000000, 0x0000000100000000)
  region size 1024K, 53 young (54272K), 11 survivors (11264K)
 Metaspace       used 66486K, committed 67968K, reserved 1114112K
  class space    used 9296K, committed 9984K, reserved 1048576K
GC Heap History (20 events):
Event: 10.303 GC heap before
{Heap before GC invocations=42 (full 0):
 garbage-first heap   total 225280K, used 210829K [0x0000000080000000, 0x0000000100000000)
  region size 1024K, 114 young (116736K), 2 survivors (2048K)
 Metaspace       used 65648K, committed 67072K, reserved 1114112K
  class space    used 9239K, committed 9920K, reserved 1048576K
}
Event: 10.306 GC heap after
{Heap after GC invocations=43 (full 0):
 garbage-first heap   total 225280K, used 98051K [0x0000000080000000, 0x0000000100000000)
  region size 1024K, 4 young (4096K), 4 survivors (4096K)
 Metaspace       used 65648K, committed 67072K, reserved 1114112K
  class space    used 9239K, committed 9920K, reserved 1048576K
}
Event: 10.396 GC heap before
{Heap before GC invocations=43 (full 0):
 garbage-first heap   total 225280K, used 143107K [0x0000000080000000, 0x0000000100000000)
  region size 1024K, 49 young (50176K), 4 survivors (4096K)
 Metaspace       used 65691K, committed 67136K, reserved 1114112K
  class space    used 9242K, committed 9920K, reserved 1048576K
}
Event: 10.398 GC heap after
{Heap after GC invocations=44 (full 0):
 garbage-first heap   total 225280K, used 93495K [0x0000000080000000, 0x0000000100000000)
  region size 1024K, 2 young (2048K), 2 survivors (2048K)
 Metaspace       used 65691K, committed 67136K, reserved 1114112K
  class space    used 9242K, committed 9920K, reserved 1048576K
}
Event: 10.735 GC heap before
{Heap before GC invocations=45 (full 0):
 garbage-first heap   total 225280K, used 212279K [0x0000000080000000, 0x0000000100000000)
  region size 1024K, 116 young (118784K), 2 survivors (2048K)
 Metaspace       used 65945K, committed 67456K, reserved 1114112K
  class space    used 9261K, committed 9984K, reserved 1048576K
}
Event: 10.739 GC heap after
{Heap after GC invocations=46 (full 0):
 garbage-first heap   total 225280K, used 99140K [0x0000000080000000, 0x0000000100000000)
  region size 1024K, 5 young (5120K), 5 survivors (5120K)
 Metaspace       used 65945K, committed 67456K, reserved 1114112K
  class space    used 9261K, committed 9984K, reserved 1048576K
}
Event: 10.963 GC heap before
{Heap before GC invocations=46 (full 0):
 garbage-first heap   total 225280K, used 206660K [0x0000000080000000, 0x0000000100000000)
  region size 1024K, 111 young (113664K), 5 survivors (5120K)
 Metaspace       used 66189K, committed 67648K, reserved 1114112K
  class space    used 9294K, committed 9984K, reserved 1048576K
}
Event: 10.968 GC heap after
{Heap after GC invocations=47 (full 0):
 garbage-first heap   total 225280K, used 102057K [0x0000000080000000, 0x0000000100000000)
  region size 1024K, 9 young (9216K), 9 survivors (9216K)
 Metaspace       used 66189K, committed 67648K, reserved 1114112K
  class space    used 9294K, committed 9984K, reserved 1048576K
}
Event: 11.152 GC heap before
{Heap before GC invocations=47 (full 0):
 garbage-first heap   total 225280K, used 204457K [0x0000000080000000, 0x0000000100000000)
  region size 1024K, 109 young (111616K), 9 survivors (9216K)
 Metaspace       used 66192K, committed 67648K, reserved 1114112K
  class space    used 9294K, committed 9984K, reserved 1048576K
}
Event: 11.162 GC heap after
{Heap after GC invocations=48 (full 0):
 garbage-first heap   total 225280K, used 107902K [0x0000000080000000, 0x0000000100000000)
  region size 1024K, 11 young (11264K), 11 survivors (11264K)
 Metaspace       used 66192K, committed 67648K, reserved 1114112K
  class space    used 9294K, committed 9984K, reserved 1048576K
}
Event: 11.322 GC heap before
{Heap before GC invocations=49 (full 0):
 garbage-first heap   total 225280K, used 202110K [0x0000000080000000, 0x0000000100000000)
  region size 1024K, 103 young (105472K), 11 survivors (11264K)
 Metaspace       used 66192K, committed 67648K, reserved 1114112K
  class space    used 9294K, committed 9984K, reserved 1048576K
}
Event: 11.328 GC heap after
{Heap after GC invocations=50 (full 0):
 garbage-first heap   total 225280K, used 112078K [0x0000000080000000, 0x0000000100000000)
  region size 1024K, 10 young (10240K), 10 survivors (10240K)
 Metaspace       used 66192K, committed 67648K, reserved 1114112K
  class space    used 9294K, committed 9984K, reserved 1048576K
}
Event: 11.481 GC heap before
{Heap before GC invocations=50 (full 0):
 garbage-first heap   total 225280K, used 203214K [0x0000000080000000, 0x0000000100000000)
  region size 1024K, 99 young (101376K), 10 survivors (10240K)
 Metaspace       used 66228K, committed 67648K, reserved 1114112K
  class space    used 9301K, committed 9984K, reserved 1048576K
}
Event: 11.498 GC heap after
{Heap after GC invocations=51 (full 0):
 garbage-first heap   total 273408K, used 123683K [0x0000000080000000, 0x0000000100000000)
  region size 1024K, 13 young (13312K), 13 survivors (13312K)
 Metaspace       used 66228K, committed 67648K, reserved 1114112K
  class space    used 9301K, committed 9984K, reserved 1048576K
}
Event: 11.822 GC heap before
{Heap before GC invocations=51 (full 0):
 garbage-first heap   total 273408K, used 250659K [0x0000000080000000, 0x0000000100000000)
  region size 1024K, 132 young (135168K), 13 survivors (13312K)
 Metaspace       used 66401K, committed 67904K, reserved 1114112K
  class space    used 9303K, committed 9984K, reserved 1048576K
}
Event: 11.878 GC heap after
{Heap after GC invocations=52 (full 0):
 garbage-first heap   total 328704K, used 193428K [0x0000000080000000, 0x0000000100000000)
  region size 1024K, 17 young (17408K), 17 survivors (17408K)
 Metaspace       used 66401K, committed 67904K, reserved 1114112K
  class space    used 9303K, committed 9984K, reserved 1048576K
}
Event: 11.897 GC heap before
{Heap before GC invocations=52 (full 0):
 garbage-first heap   total 328704K, used 203668K [0x0000000080000000, 0x0000000100000000)
  region size 1024K, 29 young (29696K), 17 survivors (17408K)
 Metaspace       used 66408K, committed 67904K, reserved 1114112K
  class space    used 9303K, committed 9984K, reserved 1048576K
}
Event: 11.910 GC heap after
{Heap after GC invocations=53 (full 0):
 garbage-first heap   total 328704K, used 197480K [0x0000000080000000, 0x0000000100000000)
  region size 1024K, 3 young (3072K), 3 survivors (3072K)
 Metaspace       used 66408K, committed 67904K, reserved 1114112K
  class space    used 9303K, committed 9984K, reserved 1048576K
}
Event: 12.061 GC heap before
{Heap before GC invocations=53 (full 0):
 garbage-first heap   total 328704K, used 269160K [0x0000000080000000, 0x0000000100000000)
  region size 1024K, 83 young (84992K), 3 survivors (3072K)
 Metaspace       used 66417K, committed 67904K, reserved 1114112K
  class space    used 9296K, committed 9984K, reserved 1048576K
}
Event: 12.071 GC heap after
{Heap after GC invocations=54 (full 0):
 garbage-first heap   total 328704K, used 201183K [0x0000000080000000, 0x0000000100000000)
  region size 1024K, 11 young (11264K), 11 survivors (11264K)
 Metaspace       used 66417K, committed 67904K, reserved 1114112K
  class space    used 9296K, committed 9984K, reserved 1048576K
}

